{"/Users/justin/Documents/coding/Projects/networker/common_styles.js": {"path":"/Users/justin/Documents/coding/Projects/networker/common_styles.js","statementMap":{"0":{"start":{"line":1,"column":22},"end":{"line":14,"column":1}},"1":{"start":{"line":16,"column":21},"end":{"line":34,"column":1}}},"fnMap":{},"branchMap":{},"s":{"0":2,"1":2},"f":{},"b":{},"_coverageSchema":"332fd63041d2c1bcb487cc26dd0d5f7d97098a6c","hash":"51059239450d0b75198cedbcd0e9fe9e06f6bf17"}
,"/Users/justin/Documents/coding/Projects/networker/testsetup.js": {"path":"/Users/justin/Documents/coding/Projects/networker/testsetup.js","statementMap":{"0":{"start":{"line":5,"column":0},"end":{"line":5,"column":38}}},"fnMap":{},"branchMap":{},"s":{"0":4},"f":{},"b":{},"_coverageSchema":"332fd63041d2c1bcb487cc26dd0d5f7d97098a6c","hash":"a09ddc34e1fe9c0aaff307514c4c811842f3b5fe"}
,"/Users/justin/Documents/coding/Projects/networker/components/action_button/action_button_component.js": {"path":"/Users/justin/Documents/coding/Projects/networker/components/action_button/action_button_component.js","statementMap":{"0":{"start":{"line":9,"column":8},"end":{"line":9,"column":21}},"1":{"start":{"line":10,"column":8},"end":{"line":23,"column":10}},"2":{"start":{"line":24,"column":8},"end":{"line":26,"column":9}},"3":{"start":{"line":31,"column":8},"end":{"line":46,"column":10}}},"fnMap":{"0":{"name":"(anonymous_0)","decl":{"start":{"line":8,"column":4},"end":{"line":8,"column":5}},"loc":{"start":{"line":8,"column":22},"end":{"line":28,"column":5}},"line":8},"1":{"name":"(anonymous_1)","decl":{"start":{"line":30,"column":4},"end":{"line":30,"column":5}},"loc":{"start":{"line":30,"column":12},"end":{"line":47,"column":5}},"line":30}},"branchMap":{},"s":{"0":0,"1":0,"2":0,"3":0},"f":{"0":0,"1":0},"b":{},"_coverageSchema":"332fd63041d2c1bcb487cc26dd0d5f7d97098a6c","hash":"808530beb27364673b7974c739bf812f8831b990"}
,"/Users/justin/Documents/coding/Projects/networker/components/action_button/contact_info_bar/contact_info_bar_component.js": {"path":"/Users/justin/Documents/coding/Projects/networker/components/action_button/contact_info_bar/contact_info_bar_component.js","statementMap":{"0":{"start":{"line":10,"column":22},"end":{"line":null,"column":-1}},"1":{"start":{"line":36,"column":13},"end":{"line":10,"column":22}},"2":{"start":{"line":37,"column":13},"end":{"line":10,"column":22}},"3":{"start":{"line":41,"column":15},"end":{"line":40,"column":12}},"4":{"start":{"line":51,"column":37},"end":{"line":51,"column":51}},"5":{"start":{"line":52,"column":41},"end":{"line":52,"column":46}},"6":{"start":{"line":69,"column":33},"end":{"line":69,"column":47}},"7":{"start":{"line":70,"column":41},"end":{"line":70,"column":46}},"8":{"start":{"line":77,"column":45},"end":{"line":77,"column":44}},"9":{"start":{"line":87,"column":32},"end":{"line":86,"column":37}},"10":{"start":{"line":88,"column":28},"end":{"line":null,"column":-1}},"11":{"start":{"line":90,"column":41},"end":{"line":90,"column":45}},"12":{"start":{"line":134,"column":13},"end":{"line":134,"column":8}}},"fnMap":{"0":{"name":"(anonymous_2)","decl":{"start":{"line":51,"column":37},"end":{"line":51,"column":51}},"loc":{"start":{"line":51,"column":37},"end":{"line":51,"column":51}}},"1":{"name":"(anonymous_3)","decl":{"start":{"line":52,"column":41},"end":{"line":52,"column":45}},"loc":{"start":{"line":52,"column":41},"end":{"line":52,"column":46}}},"2":{"name":"(anonymous_4)","decl":{"start":{"line":69,"column":33},"end":{"line":69,"column":47}},"loc":{"start":{"line":69,"column":33},"end":{"line":69,"column":47}}},"3":{"name":"(anonymous_5)","decl":{"start":{"line":70,"column":41},"end":{"line":70,"column":45}},"loc":{"start":{"line":70,"column":41},"end":{"line":70,"column":46}}},"4":{"name":"(anonymous_6)","decl":{"start":{"line":77,"column":45},"end":{"line":77,"column":49}},"loc":{"start":{"line":77,"column":45},"end":{"line":77,"column":44}}},"5":{"name":"(anonymous_7)","decl":{"start":{"line":86,"column":37},"end":{"line":null,"column":-1}},"loc":{"start":{"line":86,"column":37},"end":{"line":85,"column":20}}},"6":{"name":"(anonymous_8)","decl":{"start":{"line":90,"column":41},"end":{"line":90,"column":45}},"loc":{"start":{"line":90,"column":41},"end":{"line":90,"column":45}}}},"branchMap":{"0":{"loc":{"start":{"line":48,"column":20},"end":{"line":47,"column":19}},"type":"cond-expr","locations":[{"start":{"line":48,"column":20},"end":{"line":47,"column":19}}]},"1":{"loc":{"start":{"line":66,"column":20},"end":{"line":65,"column":19}},"type":"cond-expr","locations":[{"start":{"line":66,"column":20},"end":{"line":65,"column":19}}]},"2":{"loc":{"start":{"line":83,"column":20},"end":{"line":82,"column":19}},"type":"cond-expr","locations":[{"start":{"line":83,"column":20},"end":{"line":82,"column":19}}]},"3":{"loc":{"start":{"line":103,"column":24},"end":{"line":102,"column":19}},"type":"cond-expr","locations":[{"start":{"line":103,"column":24},"end":{"line":102,"column":19}}]},"4":{"loc":{"start":{"line":118,"column":20},"end":{"line":118,"column":31}},"type":"binary-expr","locations":[{"start":{"line":118,"column":20},"end":{"line":118,"column":31}},{"start":{"line":119,"column":20},"end":{"line":42,"column":8}}]}},"s":{"0":0,"1":0,"2":0,"3":0,"4":0,"5":0,"6":0,"7":0,"8":0,"9":0,"10":0,"11":0,"12":0},"f":{"0":0,"1":0,"2":0,"3":0,"4":0,"5":0,"6":0},"b":{"0":[0],"1":[0],"2":[0],"3":[0],"4":[0,0]}}
,"/Users/justin/Documents/coding/Projects/networker/components/action_button/contact_info_bar/contact_info_more_options_component.js": {"path":"/Users/justin/Documents/coding/Projects/networker/components/action_button/contact_info_bar/contact_info_more_options_component.js","statementMap":{"0":{"start":{"line":12,"column":22},"end":{"line":null,"column":-1}},"1":{"start":{"line":15,"column":13},"end":{"line":15,"column":33}},"2":{"start":{"line":16,"column":13},"end":{"line":16,"column":44}},"3":{"start":{"line":22,"column":13},"end":{"line":22,"column":32}},"4":{"start":{"line":54,"column":13},"end":{"line":12,"column":22}},"5":{"start":{"line":55,"column":13},"end":{"line":12,"column":22}},"6":{"start":{"line":60,"column":8},"end":{"line":null,"column":-1}},"7":{"start":{"line":93,"column":40},"end":{"line":93,"column":36}},"8":{"start":{"line":94,"column":60},"end":{"line":92,"column":45}},"9":{"start":{"line":95,"column":36},"end":{"line":null,"column":-1}},"10":{"start":{"line":111,"column":63},"end":{"line":111,"column":36}},"11":{"start":{"line":112,"column":60},"end":{"line":110,"column":45}},"12":{"start":{"line":113,"column":36},"end":{"line":null,"column":-1}},"13":{"start":{"line":129,"column":40},"end":{"line":129,"column":36}},"14":{"start":{"line":130,"column":40},"end":{"line":128,"column":45}},"15":{"start":{"line":131,"column":36},"end":{"line":null,"column":-1}},"16":{"start":{"line":147,"column":40},"end":{"line":147,"column":36}},"17":{"start":{"line":148,"column":40},"end":{"line":146,"column":45}},"18":{"start":{"line":149,"column":36},"end":{"line":null,"column":-1}},"19":{"start":{"line":165,"column":36},"end":{"line":164,"column":41}},"20":{"start":{"line":166,"column":32},"end":{"line":null,"column":-1}},"21":{"start":{"line":182,"column":36},"end":{"line":181,"column":41}},"22":{"start":{"line":183,"column":32},"end":{"line":null,"column":-1}},"23":{"start":{"line":200,"column":33},"end":{"line":200,"column":24}},"24":{"start":{"line":236,"column":8},"end":{"line":243,"column":22}},"25":{"start":{"line":238,"column":15},"end":{"line":242,"column":13}},"26":{"start":{"line":239,"column":16},"end":{"line":null,"column":-1}},"27":{"start":{"line":241,"column":16},"end":{"line":null,"column":-1}},"28":{"start":{"line":243,"column":22},"end":{"line":243,"column":29}}},"fnMap":{"0":{"name":"(anonymous_3)","decl":{"start":{"line":92,"column":45},"end":{"line":null,"column":-1}},"loc":{"start":{"line":92,"column":45},"end":{"line":91,"column":28}}},"1":{"name":"(anonymous_4)","decl":{"start":{"line":110,"column":45},"end":{"line":null,"column":-1}},"loc":{"start":{"line":110,"column":45},"end":{"line":109,"column":28}}},"2":{"name":"(anonymous_5)","decl":{"start":{"line":128,"column":45},"end":{"line":null,"column":-1}},"loc":{"start":{"line":128,"column":45},"end":{"line":127,"column":28}}},"3":{"name":"(anonymous_6)","decl":{"start":{"line":146,"column":45},"end":{"line":null,"column":-1}},"loc":{"start":{"line":146,"column":45},"end":{"line":145,"column":28}}},"4":{"name":"(anonymous_7)","decl":{"start":{"line":164,"column":41},"end":{"line":null,"column":-1}},"loc":{"start":{"line":164,"column":41},"end":{"line":163,"column":28}}},"5":{"name":"(anonymous_8)","decl":{"start":{"line":181,"column":41},"end":{"line":null,"column":-1}},"loc":{"start":{"line":181,"column":41},"end":{"line":180,"column":28}}},"6":{"name":"(anonymous_9)","decl":{"start":{"line":199,"column":33},"end":{"line":null,"column":-1}},"loc":{"start":{"line":199,"column":33},"end":{"line":197,"column":16}}},"7":{"name":"(anonymous_11)","decl":{"start":{"line":237,"column":15},"end":{"line":237,"column":13}},"loc":{"start":{"line":237,"column":27},"end":{"line":243,"column":17}}},"8":{"name":"(anonymous_12)","decl":{"start":{"line":243,"column":17},"end":{"line":243,"column":21}},"loc":{"start":{"line":243,"column":22},"end":{"line":243,"column":29}}}},"branchMap":{"0":{"loc":{"start":{"line":90,"column":28},"end":{"line":null,"column":-1}},"type":"binary-expr","locations":[{"start":{"line":90,"column":28},"end":{"line":null,"column":-1}}]},"1":{"loc":{"start":{"line":108,"column":28},"end":{"line":null,"column":-1}},"type":"binary-expr","locations":[{"start":{"line":108,"column":28},"end":{"line":null,"column":-1}}]},"2":{"loc":{"start":{"line":126,"column":28},"end":{"line":null,"column":-1}},"type":"binary-expr","locations":[{"start":{"line":126,"column":28},"end":{"line":null,"column":-1}}]},"3":{"loc":{"start":{"line":144,"column":28},"end":{"line":null,"column":-1}},"type":"binary-expr","locations":[{"start":{"line":144,"column":28},"end":{"line":null,"column":-1}}]},"4":{"loc":{"start":{"line":162,"column":28},"end":{"line":null,"column":-1}},"type":"binary-expr","locations":[{"start":{"line":162,"column":28},"end":{"line":null,"column":-1}}]},"5":{"loc":{"start":{"line":179,"column":28},"end":{"line":null,"column":-1}},"type":"binary-expr","locations":[{"start":{"line":179,"column":28},"end":{"line":null,"column":-1}}]},"6":{"loc":{"start":{"line":238,"column":15},"end":{"line":242,"column":13}},"type":"if","locations":[{"start":{"line":238,"column":15},"end":{"line":242,"column":13}},{"start":{"line":238,"column":15},"end":{"line":242,"column":13}}]},"7":{"loc":{"start":{"line":238,"column":15},"end":{"line":238,"column":15}},"type":"binary-expr","locations":[{"start":{"line":238,"column":15},"end":{"line":238,"column":15}},{"start":{"line":238,"column":15},"end":{"line":238,"column":16}}]}},"s":{"0":0,"1":0,"2":0,"3":0,"4":0,"5":0,"6":0,"7":0,"8":0,"9":0,"10":0,"11":0,"12":0,"13":0,"14":0,"15":0,"16":0,"17":0,"18":0,"19":0,"20":0,"21":0,"22":0,"23":0,"24":0,"25":0,"26":0,"27":0,"28":0},"f":{"0":0,"1":0,"2":0,"3":0,"4":0,"5":0,"6":0,"7":0,"8":0},"b":{"0":[0],"1":[0],"2":[0],"3":[0],"4":[0],"5":[0],"6":[0,0],"7":[0,0]}}
,"/Users/justin/Documents/coding/Projects/networker/components/base_components/jtext_component.js": {"path":"/Users/justin/Documents/coding/Projects/networker/components/base_components/jtext_component.js","statementMap":{"0":{"start":{"line":6,"column":4},"end":{"line":12,"column":7}},"1":{"start":{"line":13,"column":4},"end":{"line":22,"column":5}}},"fnMap":{"0":{"name":"JText","decl":{"start":{"line":5,"column":24},"end":{"line":5,"column":29}},"loc":{"start":{"line":5,"column":36},"end":{"line":23,"column":1}},"line":5}},"branchMap":{"0":{"loc":{"start":{"line":17,"column":16},"end":{"line":17,"column":43}},"type":"cond-expr","locations":[{"start":{"line":17,"column":29},"end":{"line":17,"column":40}},{"start":{"line":17,"column":41},"end":{"line":17,"column":43}}],"line":17}},"s":{"0":0,"1":0},"f":{"0":0},"b":{"0":[0,0]},"_coverageSchema":"332fd63041d2c1bcb487cc26dd0d5f7d97098a6c","hash":"3bd07c4b7a3996f62d8b9f10563bb04142fd6039"}
,"/Users/justin/Documents/coding/Projects/networker/components/contact/view_contact_component.js": {"path":"/Users/justin/Documents/coding/Projects/networker/components/contact/view_contact_component.js","statementMap":{"0":{"start":{"line":14,"column":22},"end":{"line":null,"column":-1}},"1":{"start":{"line":72,"column":13},"end":{"line":14,"column":22}},"2":{"start":{"line":73,"column":13},"end":{"line":14,"column":22}},"3":{"start":{"line":74,"column":13},"end":{"line":14,"column":22}},"4":{"start":{"line":75,"column":13},"end":{"line":14,"column":22}},"5":{"start":{"line":133,"column":12},"end":{"line":133,"column":21}},"6":{"start":{"line":134,"column":12},"end":{"line":134,"column":18}},"7":{"start":{"line":135,"column":12},"end":{"line":135,"column":22}},"8":{"start":{"line":137,"column":11},"end":{"line":143,"column":9}},"9":{"start":{"line":138,"column":12},"end":{"line":null,"column":-1}},"10":{"start":{"line":139,"column":16},"end":{"line":139,"column":46}},"11":{"start":{"line":140,"column":19},"end":{"line":140,"column":12}},"12":{"start":{"line":142,"column":12},"end":{"line":null,"column":-1}},"13":{"start":{"line":148,"column":13},"end":{"line":146,"column":18}},"14":{"start":{"line":149,"column":16},"end":{"line":149,"column":15}},"15":{"start":{"line":153,"column":16},"end":{"line":153,"column":8}},"16":{"start":{"line":154,"column":17},"end":{"line":154,"column":12}},"17":{"start":{"line":158,"column":13},"end":{"line":158,"column":8}}},"fnMap":{},"branchMap":{"0":{"loc":{"start":{"line":88,"column":17},"end":{"line":88,"column":22}},"type":"binary-expr","locations":[{"start":{"line":88,"column":17},"end":{"line":88,"column":22}}]},"1":{"loc":{"start":{"line":122,"column":20},"end":{"line":122,"column":19}},"type":"binary-expr","locations":[{"start":{"line":122,"column":20},"end":{"line":122,"column":19}}]},"2":{"loc":{"start":{"line":134,"column":29},"end":{"line":134,"column":18}},"type":"cond-expr","locations":[{"start":{"line":134,"column":29},"end":{"line":134,"column":18}},{"start":{"line":134,"column":18},"end":{"line":134,"column":46}}]},"3":{"loc":{"start":{"line":135,"column":33},"end":{"line":135,"column":22}},"type":"cond-expr","locations":[{"start":{"line":135,"column":33},"end":{"line":135,"column":22}},{"start":{"line":135,"column":22},"end":{"line":135,"column":49}}]},"4":{"loc":{"start":{"line":137,"column":11},"end":{"line":143,"column":9}},"type":"if","locations":[{"start":{"line":137,"column":11},"end":{"line":143,"column":9}},{"start":{"line":137,"column":11},"end":{"line":143,"column":9}}]},"5":{"loc":{"start":{"line":137,"column":11},"end":{"line":137,"column":11}},"type":"binary-expr","locations":[{"start":{"line":137,"column":11},"end":{"line":137,"column":11}},{"start":{"line":137,"column":11},"end":{"line":137,"column":11}}]},"6":{"loc":{"start":{"line":149,"column":15},"end":{"line":149,"column":40}},"type":"cond-expr","locations":[{"start":{"line":149,"column":15},"end":{"line":149,"column":40}},{"start":{"line":149,"column":15},"end":{"line":149,"column":40}}]},"7":{"loc":{"start":{"line":153,"column":16},"end":{"line":153,"column":8}},"type":"if","locations":[{"start":{"line":153,"column":16},"end":{"line":153,"column":8}},{"start":{"line":153,"column":16},"end":{"line":153,"column":8}}]}},"s":{"0":1,"1":1,"2":1,"3":1,"4":1,"5":1,"6":1,"7":1,"8":1,"9":0,"10":0,"11":0,"12":1,"13":1,"14":1,"15":0,"16":0,"17":0},"f":{},"b":{"0":[1],"1":[1],"2":[1,0],"3":[1,0],"4":[0,1],"5":[1,1],"6":[1,0],"7":[0,0]}}
,"/Users/justin/Documents/coding/Projects/networker/components/headers/header_container.js": {"path":"/Users/justin/Documents/coding/Projects/networker/components/headers/header_container.js","statementMap":{"0":{"start":{"line":13,"column":8},"end":{"line":13,"column":21}},"1":{"start":{"line":14,"column":8},"end":{"line":14,"column":32}},"2":{"start":{"line":15,"column":8},"end":{"line":51,"column":11}},"3":{"start":{"line":52,"column":8},"end":{"line":52,"column":23}},"4":{"start":{"line":55,"column":8},"end":{"line":55,"column":55}},"5":{"start":{"line":72,"column":8},"end":{"line":85,"column":9}},"6":{"start":{"line":89,"column":8},"end":{"line":110,"column":9}},"7":{"start":{"line":90,"column":12},"end":{"line":96,"column":13}},"8":{"start":{"line":97,"column":14},"end":{"line":110,"column":9}},"9":{"start":{"line":98,"column":12},"end":{"line":100,"column":13}},"10":{"start":{"line":101,"column":14},"end":{"line":110,"column":9}},"11":{"start":{"line":102,"column":12},"end":{"line":109,"column":13}}},"fnMap":{"0":{"name":"(anonymous_0)","decl":{"start":{"line":12,"column":4},"end":{"line":12,"column":5}},"loc":{"start":{"line":12,"column":22},"end":{"line":56,"column":5}},"line":12},"1":{"name":"(anonymous_1)","decl":{"start":{"line":71,"column":4},"end":{"line":71,"column":5}},"loc":{"start":{"line":71,"column":12},"end":{"line":86,"column":5}},"line":71},"2":{"name":"(anonymous_2)","decl":{"start":{"line":88,"column":4},"end":{"line":88,"column":5}},"loc":{"start":{"line":88,"column":21},"end":{"line":112,"column":5}},"line":88}},"branchMap":{"0":{"loc":{"start":{"line":89,"column":8},"end":{"line":110,"column":9}},"type":"if","locations":[{"start":{"line":89,"column":8},"end":{"line":110,"column":9}},{"start":{"line":89,"column":8},"end":{"line":110,"column":9}}],"line":89},"1":{"loc":{"start":{"line":97,"column":14},"end":{"line":110,"column":9}},"type":"if","locations":[{"start":{"line":97,"column":14},"end":{"line":110,"column":9}},{"start":{"line":97,"column":14},"end":{"line":110,"column":9}}],"line":97},"2":{"loc":{"start":{"line":101,"column":14},"end":{"line":110,"column":9}},"type":"if","locations":[{"start":{"line":101,"column":14},"end":{"line":110,"column":9}},{"start":{"line":101,"column":14},"end":{"line":110,"column":9}}],"line":101}},"s":{"0":0,"1":0,"2":0,"3":0,"4":0,"5":0,"6":0,"7":0,"8":0,"9":0,"10":0,"11":0},"f":{"0":0,"1":0,"2":0},"b":{"0":[0,0],"1":[0,0],"2":[0,0]},"_coverageSchema":"332fd63041d2c1bcb487cc26dd0d5f7d97098a6c","hash":"9b98d2ef8f0f62faf8a5ee746f5355f661fd45f6"}
,"/Users/justin/Documents/coding/Projects/networker/components/headers/search_header/search_header_component.js": {"path":"/Users/justin/Documents/coding/Projects/networker/components/headers/search_header/search_header_component.js","statementMap":{"0":{"start":{"line":19,"column":8},"end":{"line":19,"column":21}},"1":{"start":{"line":20,"column":8},"end":{"line":35,"column":11}},"2":{"start":{"line":36,"column":8},"end":{"line":38,"column":9}},"3":{"start":{"line":40,"column":8},"end":{"line":40,"column":67}},"4":{"start":{"line":41,"column":8},"end":{"line":41,"column":57}},"5":{"start":{"line":47,"column":8},"end":{"line":47,"column":57}},"6":{"start":{"line":52,"column":8},"end":{"line":63,"column":10}},"7":{"start":{"line":67,"column":8},"end":{"line":80,"column":9}},"8":{"start":{"line":77,"column":33},"end":{"line":77,"column":68}},"9":{"start":{"line":84,"column":8},"end":{"line":87,"column":18}},"10":{"start":{"line":88,"column":8},"end":{"line":90,"column":10}}},"fnMap":{"0":{"name":"(anonymous_0)","decl":{"start":{"line":18,"column":4},"end":{"line":18,"column":5}},"loc":{"start":{"line":18,"column":22},"end":{"line":43,"column":5}},"line":18},"1":{"name":"(anonymous_1)","decl":{"start":{"line":46,"column":4},"end":{"line":46,"column":5}},"loc":{"start":{"line":46,"column":25},"end":{"line":48,"column":5}},"line":46},"2":{"name":"(anonymous_2)","decl":{"start":{"line":50,"column":4},"end":{"line":50,"column":5}},"loc":{"start":{"line":50,"column":12},"end":{"line":64,"column":5}},"line":50},"3":{"name":"(anonymous_3)","decl":{"start":{"line":66,"column":4},"end":{"line":66,"column":5}},"loc":{"start":{"line":66,"column":24},"end":{"line":81,"column":5}},"line":66},"4":{"name":"(anonymous_4)","decl":{"start":{"line":77,"column":29},"end":{"line":77,"column":30}},"loc":{"start":{"line":77,"column":33},"end":{"line":77,"column":68}},"line":77},"5":{"name":"(anonymous_5)","decl":{"start":{"line":83,"column":4},"end":{"line":83,"column":5}},"loc":{"start":{"line":83,"column":18},"end":{"line":93,"column":5}},"line":83}},"branchMap":{"0":{"loc":{"start":{"line":85,"column":21},"end":{"line":85,"column":42}},"type":"cond-expr","locations":[{"start":{"line":85,"column":39},"end":{"line":85,"column":40}},{"start":{"line":85,"column":41},"end":{"line":85,"column":42}}],"line":85}},"s":{"0":0,"1":0,"2":0,"3":0,"4":0,"5":0,"6":0,"7":0,"8":0,"9":0,"10":0},"f":{"0":0,"1":0,"2":0,"3":0,"4":0,"5":0},"b":{"0":[0,0]},"_coverageSchema":"332fd63041d2c1bcb487cc26dd0d5f7d97098a6c","hash":"f55d0494282eea9a54cecaa1db7885dac6a7251c"}
,"/Users/justin/Documents/coding/Projects/networker/components/headers/search_header/search_input_component.js": {"path":"/Users/justin/Documents/coding/Projects/networker/components/headers/search_header/search_input_component.js","statementMap":{"0":{"start":{"line":14,"column":8},"end":{"line":14,"column":21}},"1":{"start":{"line":15,"column":8},"end":{"line":15,"column":41}},"2":{"start":{"line":16,"column":8},"end":{"line":16,"column":42}},"3":{"start":{"line":17,"column":8},"end":{"line":17,"column":44}},"4":{"start":{"line":18,"column":8},"end":{"line":18,"column":32}},"5":{"start":{"line":19,"column":8},"end":{"line":19,"column":43}},"6":{"start":{"line":20,"column":8},"end":{"line":20,"column":21}},"7":{"start":{"line":21,"column":8},"end":{"line":62,"column":10}},"8":{"start":{"line":64,"column":8},"end":{"line":64,"column":89}},"9":{"start":{"line":65,"column":8},"end":{"line":65,"column":67}},"10":{"start":{"line":66,"column":8},"end":{"line":66,"column":77}},"11":{"start":{"line":67,"column":8},"end":{"line":67,"column":81}},"12":{"start":{"line":71,"column":8},"end":{"line":71,"column":65}},"13":{"start":{"line":72,"column":8},"end":{"line":72,"column":66}},"14":{"start":{"line":73,"column":8},"end":{"line":73,"column":68}},"15":{"start":{"line":74,"column":8},"end":{"line":78,"column":11}},"16":{"start":{"line":79,"column":8},"end":{"line":79,"column":68}},"17":{"start":{"line":83,"column":8},"end":{"line":90,"column":9}},"18":{"start":{"line":94,"column":8},"end":{"line":100,"column":9}},"19":{"start":{"line":103,"column":8},"end":{"line":103,"column":38}},"20":{"start":{"line":104,"column":8},"end":{"line":104,"column":33}},"21":{"start":{"line":108,"column":16},"end":{"line":127,"column":26}},"22":{"start":{"line":134,"column":8},"end":{"line":147,"column":9}},"23":{"start":{"line":152,"column":8},"end":{"line":164,"column":9}},"24":{"start":{"line":167,"column":8},"end":{"line":182,"column":9}},"25":{"start":{"line":186,"column":8},"end":{"line":205,"column":41}}},"fnMap":{"0":{"name":"(anonymous_0)","decl":{"start":{"line":13,"column":4},"end":{"line":13,"column":5}},"loc":{"start":{"line":13,"column":22},"end":{"line":68,"column":5}},"line":13},"1":{"name":"(anonymous_1)","decl":{"start":{"line":70,"column":4},"end":{"line":70,"column":5}},"loc":{"start":{"line":70,"column":24},"end":{"line":80,"column":5}},"line":70},"2":{"name":"(anonymous_2)","decl":{"start":{"line":82,"column":4},"end":{"line":82,"column":5}},"loc":{"start":{"line":82,"column":12},"end":{"line":91,"column":5}},"line":82},"3":{"name":"(anonymous_3)","decl":{"start":{"line":93,"column":4},"end":{"line":93,"column":5}},"loc":{"start":{"line":93,"column":26},"end":{"line":101,"column":5}},"line":93},"4":{"name":"(anonymous_4)","decl":{"start":{"line":102,"column":4},"end":{"line":102,"column":5}},"loc":{"start":{"line":102,"column":28},"end":{"line":105,"column":5}},"line":102},"5":{"name":"(anonymous_5)","decl":{"start":{"line":106,"column":4},"end":{"line":106,"column":5}},"loc":{"start":{"line":106,"column":28},"end":{"line":130,"column":5}},"line":106},"6":{"name":"(anonymous_6)","decl":{"start":{"line":133,"column":4},"end":{"line":133,"column":5}},"loc":{"start":{"line":133,"column":34},"end":{"line":148,"column":5}},"line":133},"7":{"name":"(anonymous_7)","decl":{"start":{"line":151,"column":4},"end":{"line":151,"column":5}},"loc":{"start":{"line":151,"column":25},"end":{"line":165,"column":5}},"line":151},"8":{"name":"(anonymous_8)","decl":{"start":{"line":166,"column":4},"end":{"line":166,"column":5}},"loc":{"start":{"line":166,"column":25},"end":{"line":183,"column":5}},"line":166},"9":{"name":"(anonymous_9)","decl":{"start":{"line":185,"column":4},"end":{"line":185,"column":5}},"loc":{"start":{"line":185,"column":30},"end":{"line":207,"column":5}},"line":185}},"branchMap":{"0":{"loc":{"start":{"line":157,"column":20},"end":{"line":161,"column":22}},"type":"binary-expr","locations":[{"start":{"line":157,"column":20},"end":{"line":157,"column":38}},{"start":{"line":158,"column":20},"end":{"line":161,"column":22}}],"line":157},"1":{"loc":{"start":{"line":172,"column":20},"end":{"line":179,"column":26}},"type":"binary-expr","locations":[{"start":{"line":172,"column":20},"end":{"line":172,"column":38}},{"start":{"line":173,"column":24},"end":{"line":179,"column":26}}],"line":172}},"s":{"0":0,"1":0,"2":0,"3":0,"4":0,"5":0,"6":0,"7":0,"8":0,"9":0,"10":0,"11":0,"12":0,"13":0,"14":0,"15":0,"16":0,"17":0,"18":0,"19":0,"20":0,"21":0,"22":0,"23":0,"24":0,"25":0},"f":{"0":0,"1":0,"2":0,"3":0,"4":0,"5":0,"6":0,"7":0,"8":0,"9":0},"b":{"0":[0,0],"1":[0,0]},"_coverageSchema":"332fd63041d2c1bcb487cc26dd0d5f7d97098a6c","hash":"2ed5c67b46cfbf75cdb974e5231daf0f392ee374"}
,"/Users/justin/Documents/coding/Projects/networker/components/headers/upsert_header/upsert_header_component.js": {"path":"/Users/justin/Documents/coding/Projects/networker/components/headers/upsert_header/upsert_header_component.js","statementMap":{"0":{"start":{"line":15,"column":8},"end":{"line":15,"column":21}},"1":{"start":{"line":16,"column":8},"end":{"line":59,"column":11}},"2":{"start":{"line":60,"column":8},"end":{"line":60,"column":24}},"3":{"start":{"line":65,"column":8},"end":{"line":89,"column":9}},"4":{"start":{"line":72,"column":33},"end":{"line":72,"column":52}}},"fnMap":{"0":{"name":"(anonymous_0)","decl":{"start":{"line":14,"column":4},"end":{"line":14,"column":5}},"loc":{"start":{"line":14,"column":22},"end":{"line":62,"column":5}},"line":14},"1":{"name":"(anonymous_1)","decl":{"start":{"line":64,"column":4},"end":{"line":64,"column":5}},"loc":{"start":{"line":64,"column":12},"end":{"line":90,"column":5}},"line":64},"2":{"name":"(anonymous_2)","decl":{"start":{"line":72,"column":29},"end":{"line":72,"column":30}},"loc":{"start":{"line":72,"column":33},"end":{"line":72,"column":52}},"line":72}},"branchMap":{},"s":{"0":0,"1":0,"2":0,"3":0,"4":0},"f":{"0":0,"1":0,"2":0},"b":{},"_coverageSchema":"332fd63041d2c1bcb487cc26dd0d5f7d97098a6c","hash":"62b58575851ad6824ade94d8df14fb9a2b1bac4a"}
,"/Users/justin/Documents/coding/Projects/networker/components/headers/view_header/view_header_component.js": {"path":"/Users/justin/Documents/coding/Projects/networker/components/headers/view_header/view_header_component.js","statementMap":{"0":{"start":{"line":8,"column":8},"end":{"line":8,"column":21}},"1":{"start":{"line":9,"column":8},"end":{"line":25,"column":11}},"2":{"start":{"line":26,"column":8},"end":{"line":26,"column":24}},"3":{"start":{"line":31,"column":8},"end":{"line":61,"column":10}}},"fnMap":{"0":{"name":"(anonymous_0)","decl":{"start":{"line":7,"column":4},"end":{"line":7,"column":5}},"loc":{"start":{"line":7,"column":22},"end":{"line":28,"column":5}},"line":7},"1":{"name":"(anonymous_1)","decl":{"start":{"line":30,"column":4},"end":{"line":30,"column":5}},"loc":{"start":{"line":30,"column":12},"end":{"line":62,"column":5}},"line":30}},"branchMap":{},"s":{"0":0,"1":0,"2":0,"3":0},"f":{"0":0,"1":0},"b":{},"_coverageSchema":"332fd63041d2c1bcb487cc26dd0d5f7d97098a6c","hash":"c66109daf66312bdde846d0487e1d0d1142fecf4"}
,"/Users/justin/Documents/coding/Projects/networker/components/list_contacts/list_contacts_component.js": {"path":"/Users/justin/Documents/coding/Projects/networker/components/list_contacts/list_contacts_component.js","statementMap":{"0":{"start":{"line":8,"column":8},"end":{"line":8,"column":21}},"1":{"start":{"line":9,"column":8},"end":{"line":21,"column":11}},"2":{"start":{"line":22,"column":8},"end":{"line":22,"column":22}},"3":{"start":{"line":27,"column":8},"end":{"line":36,"column":9}},"4":{"start":{"line":32,"column":27},"end":{"line":32,"column":93}},"5":{"start":{"line":40,"column":8},"end":{"line":40,"column":26}}},"fnMap":{"0":{"name":"(anonymous_0)","decl":{"start":{"line":7,"column":4},"end":{"line":7,"column":5}},"loc":{"start":{"line":7,"column":22},"end":{"line":23,"column":5}},"line":7},"1":{"name":"(anonymous_1)","decl":{"start":{"line":26,"column":4},"end":{"line":26,"column":5}},"loc":{"start":{"line":26,"column":12},"end":{"line":37,"column":5}},"line":26},"2":{"name":"(anonymous_2)","decl":{"start":{"line":32,"column":16},"end":{"line":32,"column":17}},"loc":{"start":{"line":32,"column":27},"end":{"line":32,"column":93}},"line":32},"3":{"name":"(anonymous_3)","decl":{"start":{"line":39,"column":4},"end":{"line":39,"column":5}},"loc":{"start":{"line":39,"column":13},"end":{"line":41,"column":5}},"line":39}},"branchMap":{"0":{"loc":{"start":{"line":30,"column":18},"end":{"line":30,"column":68}},"type":"cond-expr","locations":[{"start":{"line":30,"column":46},"end":{"line":30,"column":48}},{"start":{"line":30,"column":49},"end":{"line":30,"column":68}}],"line":30}},"s":{"0":0,"1":0,"2":0,"3":0,"4":0,"5":0},"f":{"0":0,"1":0,"2":0,"3":0},"b":{"0":[0,0]},"_coverageSchema":"332fd63041d2c1bcb487cc26dd0d5f7d97098a6c","hash":"8b8009d7602a665b2921b42320a05f55ea105eb5"}
,"/Users/justin/Documents/coding/Projects/networker/components/list_contacts/list_row_component.js": {"path":"/Users/justin/Documents/coding/Projects/networker/components/list_contacts/list_row_component.js","statementMap":{"0":{"start":{"line":8,"column":8},"end":{"line":8,"column":21}},"1":{"start":{"line":9,"column":8},"end":{"line":48,"column":11}},"2":{"start":{"line":49,"column":8},"end":{"line":49,"column":71}},"3":{"start":{"line":50,"column":8},"end":{"line":50,"column":85}},"4":{"start":{"line":54,"column":8},"end":{"line":54,"column":57}},"5":{"start":{"line":59,"column":22},"end":{"line":59,"column":72}},"6":{"start":{"line":60,"column":8},"end":{"line":71,"column":10}},"7":{"start":{"line":63,"column":29},"end":{"line":63,"column":57}},"8":{"start":{"line":75,"column":8},"end":{"line":93,"column":9}}},"fnMap":{"0":{"name":"(anonymous_0)","decl":{"start":{"line":7,"column":4},"end":{"line":7,"column":5}},"loc":{"start":{"line":7,"column":22},"end":{"line":51,"column":5}},"line":7},"1":{"name":"(anonymous_1)","decl":{"start":{"line":53,"column":4},"end":{"line":53,"column":5}},"loc":{"start":{"line":53,"column":12},"end":{"line":55,"column":5}},"line":53},"2":{"name":"(anonymous_2)","decl":{"start":{"line":57,"column":4},"end":{"line":57,"column":5}},"loc":{"start":{"line":57,"column":29},"end":{"line":72,"column":5}},"line":57},"3":{"name":"(anonymous_3)","decl":{"start":{"line":63,"column":25},"end":{"line":63,"column":26}},"loc":{"start":{"line":63,"column":29},"end":{"line":63,"column":57}},"line":63},"4":{"name":"(anonymous_4)","decl":{"start":{"line":73,"column":4},"end":{"line":73,"column":5}},"loc":{"start":{"line":73,"column":36},"end":{"line":94,"column":5}},"line":73}},"branchMap":{"0":{"loc":{"start":{"line":59,"column":22},"end":{"line":59,"column":72}},"type":"cond-expr","locations":[{"start":{"line":59,"column":40},"end":{"line":59,"column":50}},{"start":{"line":59,"column":51},"end":{"line":59,"column":72}}],"line":59},"1":{"loc":{"start":{"line":82,"column":24},"end":{"line":85,"column":35}},"type":"binary-expr","locations":[{"start":{"line":82,"column":25},"end":{"line":82,"column":41}},{"start":{"line":83,"column":28},"end":{"line":85,"column":35}}],"line":82},"2":{"loc":{"start":{"line":89,"column":20},"end":{"line":90,"column":78}},"type":"binary-expr","locations":[{"start":{"line":89,"column":21},"end":{"line":89,"column":38}},{"start":{"line":90,"column":20},"end":{"line":90,"column":78}}],"line":89}},"s":{"0":0,"1":0,"2":0,"3":0,"4":0,"5":0,"6":0,"7":0,"8":0},"f":{"0":0,"1":0,"2":0,"3":0,"4":0},"b":{"0":[0,0],"1":[0,0],"2":[0,0]},"_coverageSchema":"332fd63041d2c1bcb487cc26dd0d5f7d97098a6c","hash":"42aad24d75b676a1a8c512789130af5e99ddcc4c"}
,"/Users/justin/Documents/coding/Projects/networker/components/menu/menu_component.js": {"path":"/Users/justin/Documents/coding/Projects/networker/components/menu/menu_component.js","statementMap":{"0":{"start":{"line":17,"column":8},"end":{"line":17,"column":21}},"1":{"start":{"line":18,"column":8},"end":{"line":18,"column":71}},"2":{"start":{"line":19,"column":8},"end":{"line":53,"column":11}},"3":{"start":{"line":54,"column":8},"end":{"line":85,"column":9}},"4":{"start":{"line":91,"column":8},"end":{"line":101,"column":9}},"5":{"start":{"line":105,"column":8},"end":{"line":133,"column":10}},"6":{"start":{"line":106,"column":12},"end":{"line":132,"column":13}},"7":{"start":{"line":137,"column":8},"end":{"line":137,"column":48}}},"fnMap":{"0":{"name":"(anonymous_0)","decl":{"start":{"line":16,"column":4},"end":{"line":16,"column":5}},"loc":{"start":{"line":16,"column":22},"end":{"line":86,"column":5}},"line":16},"1":{"name":"(anonymous_1)","decl":{"start":{"line":90,"column":4},"end":{"line":90,"column":5}},"loc":{"start":{"line":90,"column":12},"end":{"line":102,"column":5}},"line":90},"2":{"name":"(anonymous_2)","decl":{"start":{"line":104,"column":4},"end":{"line":104,"column":5}},"loc":{"start":{"line":104,"column":31},"end":{"line":134,"column":5}},"line":104},"3":{"name":"(anonymous_3)","decl":{"start":{"line":105,"column":43},"end":{"line":105,"column":44}},"loc":{"start":{"line":105,"column":56},"end":{"line":133,"column":9}},"line":105},"4":{"name":"(anonymous_4)","decl":{"start":{"line":136,"column":4},"end":{"line":136,"column":5}},"loc":{"start":{"line":136,"column":28},"end":{"line":138,"column":5}},"line":136}},"branchMap":{"0":{"loc":{"start":{"line":111,"column":28},"end":{"line":114,"column":56}},"type":"cond-expr","locations":[{"start":{"line":112,"column":28},"end":{"line":112,"column":54}},{"start":{"line":114,"column":28},"end":{"line":114,"column":56}}],"line":111},"1":{"loc":{"start":{"line":123,"column":28},"end":{"line":126,"column":36}},"type":"cond-expr","locations":[{"start":{"line":124,"column":28},"end":{"line":124,"column":34}},{"start":{"line":126,"column":28},"end":{"line":126,"column":36}}],"line":123}},"s":{"0":0,"1":0,"2":0,"3":0,"4":0,"5":0,"6":0,"7":0},"f":{"0":0,"1":0,"2":0,"3":0,"4":0},"b":{"0":[0,0],"1":[0,0]},"_coverageSchema":"332fd63041d2c1bcb487cc26dd0d5f7d97098a6c","hash":"32903dfe682ebdfde78eb6440221e0cb206ff1c3"}
,"/Users/justin/Documents/coding/Projects/networker/components/toast/toast_component.js": {"path":"/Users/justin/Documents/coding/Projects/networker/components/toast/toast_component.js","statementMap":{"0":{"start":{"line":6,"column":22},"end":{"line":null,"column":-1}},"1":{"start":{"line":8,"column":13},"end":{"line":8,"column":31}},"2":{"start":{"line":32,"column":13},"end":{"line":6,"column":22}},"3":{"start":{"line":36,"column":12},"end":{"line":36,"column":18}},"4":{"start":{"line":37,"column":8},"end":{"line":null,"column":-1}},"5":{"start":{"line":41,"column":24},"end":{"line":40,"column":21}},"6":{"start":{"line":42,"column":23},"end":{"line":42,"column":12}},"7":{"start":{"line":43,"column":16},"end":{"line":null,"column":-1}}},"fnMap":{"0":{"name":"(anonymous_2)","decl":{"start":{"line":40,"column":21},"end":{"line":null,"column":-1}},"loc":{"start":{"line":40,"column":21},"end":{"line":37,"column":8}}},"1":{"name":"(anonymous_3)","decl":{"start":{"line":42,"column":29},"end":{"line":null,"column":-1}},"loc":{"start":{"line":42,"column":29},"end":{"line":47,"column":20}}}},"branchMap":{},"s":{"0":0,"1":0,"2":0,"3":0,"4":0,"5":0,"6":0,"7":0},"f":{"0":0,"1":0},"b":{}}
,"/Users/justin/Documents/coding/Projects/networker/containers/list_contacts/list_contacts_container.js": {"path":"/Users/justin/Documents/coding/Projects/networker/containers/list_contacts/list_contacts_container.js","statementMap":{"0":{"start":{"line":19,"column":22},"end":{"line":null,"column":-1}},"1":{"start":{"line":24,"column":13},"end":{"line":19,"column":22}},"2":{"start":{"line":25,"column":13},"end":{"line":19,"column":22}},"3":{"start":{"line":26,"column":13},"end":{"line":19,"column":22}},"4":{"start":{"line":43,"column":13},"end":{"line":43,"column":8}},"5":{"start":{"line":74,"column":13},"end":{"line":74,"column":8}},"6":{"start":{"line":77,"column":13},"end":{"line":77,"column":8}},"7":{"start":{"line":85,"column":13},"end":{"line":85,"column":8}},"8":{"start":{"line":89,"column":24},"end":{"line":89,"column":0}}},"fnMap":{"0":{"name":"(anonymous_5)","decl":{"start":{"line":89,"column":24},"end":{"line":89,"column":5}},"loc":{"start":{"line":89,"column":6},"end":{"line":89,"column":0}}}},"branchMap":{},"s":{"0":1,"1":1,"2":1,"3":1,"4":1,"5":0,"6":0,"7":0,"8":1},"f":{"0":1},"b":{}}
,"/Users/justin/Documents/coding/Projects/networker/containers/list_contacts/test_data.js": {"path":"/Users/justin/Documents/coding/Projects/networker/containers/list_contacts/test_data.js","statementMap":{"0":{"start":{"line":1,"column":24},"end":{"line":126,"column":1}}},"fnMap":{},"branchMap":{},"s":{"0":1},"f":{},"b":{},"_coverageSchema":"332fd63041d2c1bcb487cc26dd0d5f7d97098a6c","hash":"ee2728e0db8fd6019544dfee52bb77ea465d0677"}
,"/Users/justin/Documents/coding/Projects/networker/data/realm.js": {"path":"/Users/justin/Documents/coding/Projects/networker/data/realm.js","statementMap":{},"fnMap":{},"branchMap":{},"s":{},"f":{},"b":{},"_coverageSchema":"332fd63041d2c1bcb487cc26dd0d5f7d97098a6c","hash":"f63f35ed5546958d1ba4e36050a6d0a0bf63bfe4"}
,"/Users/justin/Documents/coding/Projects/networker/data/schemas.js": {"path":"/Users/justin/Documents/coding/Projects/networker/data/schemas.js","statementMap":{"0":{"start":{"line":3,"column":0},"end":{"line":17,"column":1}}},"fnMap":{},"branchMap":{},"s":{"0":2},"f":{},"b":{},"_coverageSchema":"332fd63041d2c1bcb487cc26dd0d5f7d97098a6c","hash":"d7a57f7b8e01a2cd5b1809a5ce40ac3ed68341d7"}
,"/Users/justin/Documents/coding/Projects/networker/media/default_profile_img.png": {"path":"/Users/justin/Documents/coding/Projects/networker/media/default_profile_img.png","statementMap":{"0":{"start":{"line":1,"column":0},"end":{"line":3,"column":6}}},"fnMap":{},"branchMap":{},"s":{"0":2},"f":{},"b":{},"_coverageSchema":"332fd63041d2c1bcb487cc26dd0d5f7d97098a6c","hash":"d11366fe101caa8d6cc18a213c2aaca0927d97ff"}
,"/Users/justin/Documents/coding/Projects/networker/redux/actions/contacts/contacts_actions.js": {"path":"/Users/justin/Documents/coding/Projects/networker/redux/actions/contacts/contacts_actions.js","statementMap":{"0":{"start":{"line":24,"column":4},"end":{"line":35,"column":5}},"1":{"start":{"line":25,"column":8},"end":{"line":25,"column":38}},"2":{"start":{"line":26,"column":8},"end":{"line":34,"column":9}},"3":{"start":{"line":29,"column":28},"end":{"line":29,"column":71}},"4":{"start":{"line":31,"column":12},"end":{"line":31,"column":67}},"5":{"start":{"line":33,"column":12},"end":{"line":33,"column":42}},"6":{"start":{"line":39,"column":4},"end":{"line":42,"column":5}},"7":{"start":{"line":45,"column":4},"end":{"line":48,"column":5}},"8":{"start":{"line":53,"column":4},"end":{"line":74,"column":5}},"9":{"start":{"line":54,"column":8},"end":{"line":54,"column":39}},"10":{"start":{"line":55,"column":8},"end":{"line":73,"column":9}},"11":{"start":{"line":57,"column":12},"end":{"line":68,"column":15}},"12":{"start":{"line":58,"column":32},"end":{"line":67,"column":17}},"13":{"start":{"line":69,"column":12},"end":{"line":69,"column":44}},"14":{"start":{"line":70,"column":12},"end":{"line":70,"column":39}},"15":{"start":{"line":72,"column":12},"end":{"line":72,"column":42}},"16":{"start":{"line":78,"column":4},"end":{"line":99,"column":5}},"17":{"start":{"line":79,"column":8},"end":{"line":79,"column":40}},"18":{"start":{"line":80,"column":8},"end":{"line":96,"column":9}},"19":{"start":{"line":82,"column":12},"end":{"line":93,"column":14}},"20":{"start":{"line":83,"column":28},"end":{"line":83,"column":40}},"21":{"start":{"line":84,"column":30},"end":{"line":84,"column":73}},"22":{"start":{"line":86,"column":16},"end":{"line":86,"column":63}},"23":{"start":{"line":87,"column":16},"end":{"line":87,"column":38}},"24":{"start":{"line":88,"column":16},"end":{"line":88,"column":43}},"25":{"start":{"line":89,"column":16},"end":{"line":89,"column":49}},"26":{"start":{"line":90,"column":16},"end":{"line":90,"column":49}},"27":{"start":{"line":95,"column":12},"end":{"line":95,"column":43}},"28":{"start":{"line":103,"column":4},"end":{"line":113,"column":5}},"29":{"start":{"line":104,"column":8},"end":{"line":104,"column":39}},"30":{"start":{"line":105,"column":8},"end":{"line":112,"column":9}},"31":{"start":{"line":106,"column":12},"end":{"line":109,"column":15}},"32":{"start":{"line":107,"column":30},"end":{"line":107,"column":77}},"33":{"start":{"line":108,"column":16},"end":{"line":108,"column":74}},"34":{"start":{"line":111,"column":12},"end":{"line":111,"column":43}},"35":{"start":{"line":119,"column":4},"end":{"line":132,"column":5}},"36":{"start":{"line":120,"column":8},"end":{"line":120,"column":40}},"37":{"start":{"line":121,"column":8},"end":{"line":130,"column":9}},"38":{"start":{"line":122,"column":27},"end":{"line":122,"column":82}},"39":{"start":{"line":123,"column":29},"end":{"line":125,"column":14}},"40":{"start":{"line":124,"column":16},"end":{"line":124,"column":49}},"41":{"start":{"line":126,"column":12},"end":{"line":126,"column":53}},"42":{"start":{"line":129,"column":12},"end":{"line":129,"column":42}},"43":{"start":{"line":136,"column":4},"end":{"line":138,"column":5}},"44":{"start":{"line":142,"column":4},"end":{"line":144,"column":5}},"45":{"start":{"line":151,"column":4},"end":{"line":153,"column":5}},"46":{"start":{"line":156,"column":4},"end":{"line":159,"column":5}},"47":{"start":{"line":164,"column":4},"end":{"line":166,"column":5}},"48":{"start":{"line":170,"column":4},"end":{"line":172,"column":5}},"49":{"start":{"line":178,"column":4},"end":{"line":180,"column":5}},"50":{"start":{"line":184,"column":4},"end":{"line":187,"column":5}},"51":{"start":{"line":193,"column":4},"end":{"line":196,"column":5}},"52":{"start":{"line":200,"column":4},"end":{"line":202,"column":5}},"53":{"start":{"line":207,"column":4},"end":{"line":210,"column":5}}},"fnMap":{"0":{"name":"getContact","decl":{"start":{"line":23,"column":16},"end":{"line":23,"column":26}},"loc":{"start":{"line":23,"column":30},"end":{"line":36,"column":1}},"line":23},"1":{"name":"(anonymous_1)","decl":{"start":{"line":24,"column":11},"end":{"line":24,"column":12}},"loc":{"start":{"line":24,"column":30},"end":{"line":35,"column":5}},"line":24},"2":{"name":"beginGetContact","decl":{"start":{"line":38,"column":16},"end":{"line":38,"column":31}},"loc":{"start":{"line":38,"column":35},"end":{"line":43,"column":1}},"line":38},"3":{"name":"resolveGetContact","decl":{"start":{"line":44,"column":16},"end":{"line":44,"column":33}},"loc":{"start":{"line":44,"column":42},"end":{"line":49,"column":1}},"line":44},"4":{"name":"requestContactCreate","decl":{"start":{"line":52,"column":16},"end":{"line":52,"column":36}},"loc":{"start":{"line":52,"column":45},"end":{"line":75,"column":1}},"line":52},"5":{"name":"(anonymous_5)","decl":{"start":{"line":53,"column":11},"end":{"line":53,"column":12}},"loc":{"start":{"line":53,"column":30},"end":{"line":74,"column":5}},"line":53},"6":{"name":"(anonymous_6)","decl":{"start":{"line":57,"column":24},"end":{"line":57,"column":25}},"loc":{"start":{"line":57,"column":28},"end":{"line":68,"column":13}},"line":57},"7":{"name":"requestDeleteContact","decl":{"start":{"line":77,"column":16},"end":{"line":77,"column":36}},"loc":{"start":{"line":77,"column":40},"end":{"line":100,"column":1}},"line":77},"8":{"name":"(anonymous_8)","decl":{"start":{"line":78,"column":11},"end":{"line":78,"column":12}},"loc":{"start":{"line":78,"column":30},"end":{"line":99,"column":5}},"line":78},"9":{"name":"(anonymous_9)","decl":{"start":{"line":82,"column":24},"end":{"line":82,"column":25}},"loc":{"start":{"line":82,"column":28},"end":{"line":93,"column":13}},"line":82},"10":{"name":"requestUpdateContact","decl":{"start":{"line":102,"column":16},"end":{"line":102,"column":36}},"loc":{"start":{"line":102,"column":48},"end":{"line":114,"column":1}},"line":102},"11":{"name":"(anonymous_11)","decl":{"start":{"line":103,"column":11},"end":{"line":103,"column":12}},"loc":{"start":{"line":103,"column":30},"end":{"line":113,"column":5}},"line":103},"12":{"name":"(anonymous_12)","decl":{"start":{"line":106,"column":24},"end":{"line":106,"column":25}},"loc":{"start":{"line":106,"column":28},"end":{"line":109,"column":13}},"line":106},"13":{"name":"getAllContacts","decl":{"start":{"line":118,"column":16},"end":{"line":118,"column":30}},"loc":{"start":{"line":118,"column":32},"end":{"line":133,"column":1}},"line":118},"14":{"name":"(anonymous_14)","decl":{"start":{"line":119,"column":11},"end":{"line":119,"column":12}},"loc":{"start":{"line":119,"column":30},"end":{"line":132,"column":5}},"line":119},"15":{"name":"(anonymous_15)","decl":{"start":{"line":123,"column":42},"end":{"line":123,"column":43}},"loc":{"start":{"line":123,"column":51},"end":{"line":125,"column":13}},"line":123},"16":{"name":"resetContactStatus","decl":{"start":{"line":135,"column":16},"end":{"line":135,"column":34}},"loc":{"start":{"line":135,"column":36},"end":{"line":139,"column":1}},"line":135},"17":{"name":"clearSelectedContact","decl":{"start":{"line":141,"column":16},"end":{"line":141,"column":36}},"loc":{"start":{"line":141,"column":38},"end":{"line":145,"column":1}},"line":141},"18":{"name":"beginGetAllContacts","decl":{"start":{"line":150,"column":16},"end":{"line":150,"column":35}},"loc":{"start":{"line":150,"column":37},"end":{"line":154,"column":1}},"line":150},"19":{"name":"receiveAllContacts","decl":{"start":{"line":155,"column":16},"end":{"line":155,"column":34}},"loc":{"start":{"line":155,"column":44},"end":{"line":160,"column":1}},"line":155},"20":{"name":"beginContactCreate","decl":{"start":{"line":163,"column":16},"end":{"line":163,"column":34}},"loc":{"start":{"line":163,"column":36},"end":{"line":167,"column":1}},"line":163},"21":{"name":"resolveContactCreate","decl":{"start":{"line":169,"column":16},"end":{"line":169,"column":36}},"loc":{"start":{"line":169,"column":38},"end":{"line":173,"column":1}},"line":169},"22":{"name":"beginContactUpdate","decl":{"start":{"line":177,"column":16},"end":{"line":177,"column":34}},"loc":{"start":{"line":177,"column":36},"end":{"line":181,"column":1}},"line":177},"23":{"name":"resolveContactUpdate","decl":{"start":{"line":183,"column":16},"end":{"line":183,"column":36}},"loc":{"start":{"line":183,"column":45},"end":{"line":188,"column":1}},"line":183},"24":{"name":"beginContactDelete","decl":{"start":{"line":192,"column":16},"end":{"line":192,"column":34}},"loc":{"start":{"line":192,"column":38},"end":{"line":197,"column":1}},"line":192},"25":{"name":"resolveContactDelete","decl":{"start":{"line":199,"column":16},"end":{"line":199,"column":36}},"loc":{"start":{"line":199,"column":38},"end":{"line":203,"column":1}},"line":199},"26":{"name":"throwContactError","decl":{"start":{"line":206,"column":16},"end":{"line":206,"column":33}},"loc":{"start":{"line":206,"column":36},"end":{"line":211,"column":1}},"line":206}},"branchMap":{},"s":{"0":0,"1":0,"2":0,"3":0,"4":0,"5":0,"6":1,"7":0,"8":0,"9":0,"10":0,"11":0,"12":0,"13":0,"14":0,"15":0,"16":0,"17":0,"18":0,"19":0,"20":0,"21":0,"22":0,"23":0,"24":0,"25":0,"26":0,"27":0,"28":0,"29":0,"30":0,"31":0,"32":0,"33":0,"34":0,"35":1,"36":1,"37":1,"38":1,"39":1,"40":0,"41":1,"42":0,"43":0,"44":0,"45":1,"46":1,"47":0,"48":0,"49":0,"50":0,"51":0,"52":0,"53":0},"f":{"0":0,"1":0,"2":1,"3":0,"4":0,"5":0,"6":0,"7":0,"8":0,"9":0,"10":0,"11":0,"12":0,"13":1,"14":1,"15":0,"16":0,"17":0,"18":1,"19":1,"20":0,"21":0,"22":0,"23":0,"24":0,"25":0,"26":0},"b":{},"_coverageSchema":"332fd63041d2c1bcb487cc26dd0d5f7d97098a6c","hash":"f62f00fa67aeab2cb6a5b0dc55c6a90ae34d0a58"}
,"/Users/justin/Documents/coding/Projects/networker/redux/actiontypes/contacts/contacts_actiontypes.js": {"path":"/Users/justin/Documents/coding/Projects/networker/redux/actiontypes/contacts/contacts_actiontypes.js","statementMap":{"0":{"start":{"line":2,"column":35},"end":{"line":2,"column":64}},"1":{"start":{"line":3,"column":41},"end":{"line":3,"column":68}},"2":{"start":{"line":4,"column":39},"end":{"line":4,"column":68}},"3":{"start":{"line":7,"column":41},"end":{"line":7,"column":68}},"4":{"start":{"line":8,"column":43},"end":{"line":8,"column":72}},"5":{"start":{"line":9,"column":39},"end":{"line":9,"column":64}},"6":{"start":{"line":12,"column":38},"end":{"line":12,"column":62}},"7":{"start":{"line":13,"column":36},"end":{"line":13,"column":58}},"8":{"start":{"line":14,"column":38},"end":{"line":14,"column":62}},"9":{"start":{"line":15,"column":36},"end":{"line":15,"column":58}},"10":{"start":{"line":17,"column":38},"end":{"line":17,"column":62}},"11":{"start":{"line":18,"column":38},"end":{"line":18,"column":62}},"12":{"start":{"line":21,"column":38},"end":{"line":21,"column":62}},"13":{"start":{"line":22,"column":38},"end":{"line":22,"column":62}},"14":{"start":{"line":25,"column":35},"end":{"line":25,"column":56}}},"fnMap":{},"branchMap":{},"s":{"0":3,"1":3,"2":3,"3":3,"4":3,"5":3,"6":3,"7":3,"8":3,"9":3,"10":3,"11":3,"12":3,"13":3,"14":3},"f":{},"b":{},"_coverageSchema":"332fd63041d2c1bcb487cc26dd0d5f7d97098a6c","hash":"672b193d7a8341ccb4134cee432151af058beb91"}
,"/Users/justin/Documents/coding/Projects/networker/redux/reducers/contacts/contacts_reducer.js": {"path":"/Users/justin/Documents/coding/Projects/networker/redux/reducers/contacts/contacts_reducer.js","statementMap":{"0":{"start":{"line":37,"column":16},"end":{"line":37,"column":43}},"1":{"start":{"line":102,"column":12},"end":{"line":7,"column":4}}},"fnMap":{"0":{"name":"ContactsReducer","decl":{"start":{"line":1,"column":0},"end":{"line":null,"column":-1}},"loc":{"start":{"line":1,"column":0},"end":{"line":104,"column":1}}}},"branchMap":{"0":{"loc":{"start":{"line":1,"column":0},"end":{"line":null,"column":-1}},"type":"default-arg","locations":[{"start":{"line":1,"column":0},"end":{"line":null,"column":-1}}]},"1":{"loc":{"start":{"line":8,"column":13},"end":{"line":14,"column":9}},"type":"switch","locations":[{"start":{"line":8,"column":13},"end":{"line":14,"column":9}},{"start":{"line":15,"column":13},"end":{"line":22,"column":9}},{"start":{"line":23,"column":13},"end":{"line":28,"column":9}},{"start":{"line":29,"column":13},"end":{"line":35,"column":9}},{"start":{"line":36,"column":13},"end":{"line":42,"column":9}},{"start":{"line":43,"column":13},"end":{"line":48,"column":9}},{"start":{"line":49,"column":13},"end":{"line":54,"column":9}},{"start":{"line":55,"column":13},"end":{"line":60,"column":9}},{"start":{"line":61,"column":13},"end":{"line":67,"column":9}},{"start":{"line":68,"column":13},"end":{"line":74,"column":9}},{"start":{"line":75,"column":13},"end":{"line":81,"column":9}},{"start":{"line":82,"column":13},"end":{"line":88,"column":9}},{"start":{"line":89,"column":13},"end":{"line":94,"column":9}},{"start":{"line":95,"column":13},"end":{"line":100,"column":9}},{"start":{"line":101,"column":8},"end":{"line":7,"column":4}}]}},"s":{"0":1,"1":0},"f":{"0":9},"b":{"0":[1],"1":[1,1,1,1,1,0,0,1,1,1,1,0,0,0,0]}}
}
