TN:
SF:/Users/justin/Documents/coding/Projects/networker/common_styles.js
FNF:0
FNH:0
DA:1,2
DA:16,2
LF:2
LH:2
BRF:0
BRH:0
end_of_record
TN:
SF:/Users/justin/Documents/coding/Projects/networker/testsetup.js
FNF:0
FNH:0
DA:5,4
LF:1
LH:1
BRF:0
BRH:0
end_of_record
TN:
SF:/Users/justin/Documents/coding/Projects/networker/components/action_button/action_button_component.js
FN:8,(anonymous_0)
FN:30,(anonymous_1)
FNF:2
FNH:0
FNDA:0,(anonymous_0)
FNDA:0,(anonymous_1)
DA:9,0
DA:10,0
DA:24,0
DA:31,0
LF:4
LH:0
BRF:0
BRH:0
end_of_record
TN:
SF:/Users/justin/Documents/coding/Projects/networker/components/action_button/contact_info_bar/contact_info_bar_component.js
FN:51,(anonymous_2)
FN:52,(anonymous_3)
FN:69,(anonymous_4)
FN:70,(anonymous_5)
FN:77,(anonymous_6)
FN:86,(anonymous_7)
FN:90,(anonymous_8)
FNF:7
FNH:0
FNDA:0,(anonymous_2)
FNDA:0,(anonymous_3)
FNDA:0,(anonymous_4)
FNDA:0,(anonymous_5)
FNDA:0,(anonymous_6)
FNDA:0,(anonymous_7)
FNDA:0,(anonymous_8)
DA:10,0
DA:36,0
DA:37,0
DA:41,0
DA:51,0
DA:52,0
DA:69,0
DA:70,0
DA:77,0
DA:87,0
DA:88,0
DA:90,0
DA:134,0
LF:13
LH:0
BRDA:48,0,0,0
BRDA:66,1,0,0
BRDA:83,2,0,0
BRDA:103,3,0,0
BRDA:118,4,0,0
BRDA:118,4,1,0
BRF:6
BRH:0
end_of_record
TN:
SF:/Users/justin/Documents/coding/Projects/networker/components/action_button/contact_info_bar/contact_info_more_options_component.js
FN:92,(anonymous_3)
FN:110,(anonymous_4)
FN:128,(anonymous_5)
FN:146,(anonymous_6)
FN:164,(anonymous_7)
FN:181,(anonymous_8)
FN:199,(anonymous_9)
FN:237,(anonymous_11)
FN:243,(anonymous_12)
FNF:9
FNH:0
FNDA:0,(anonymous_3)
FNDA:0,(anonymous_4)
FNDA:0,(anonymous_5)
FNDA:0,(anonymous_6)
FNDA:0,(anonymous_7)
FNDA:0,(anonymous_8)
FNDA:0,(anonymous_9)
FNDA:0,(anonymous_11)
FNDA:0,(anonymous_12)
DA:12,0
DA:15,0
DA:16,0
DA:22,0
DA:54,0
DA:55,0
DA:60,0
DA:93,0
DA:94,0
DA:95,0
DA:111,0
DA:112,0
DA:113,0
DA:129,0
DA:130,0
DA:131,0
DA:147,0
DA:148,0
DA:149,0
DA:165,0
DA:166,0
DA:182,0
DA:183,0
DA:200,0
DA:236,0
DA:238,0
DA:239,0
DA:241,0
DA:243,0
LF:29
LH:0
BRDA:90,0,0,0
BRDA:108,1,0,0
BRDA:126,2,0,0
BRDA:144,3,0,0
BRDA:162,4,0,0
BRDA:179,5,0,0
BRDA:238,6,0,0
BRDA:238,6,1,0
BRDA:238,7,0,0
BRDA:238,7,1,0
BRF:10
BRH:0
end_of_record
TN:
SF:/Users/justin/Documents/coding/Projects/networker/components/base_components/jtext_component.js
FN:5,JText
FNF:1
FNH:0
FNDA:0,JText
DA:6,0
DA:13,0
LF:2
LH:0
BRDA:17,0,0,0
BRDA:17,0,1,0
BRF:2
BRH:0
end_of_record
TN:
SF:/Users/justin/Documents/coding/Projects/networker/components/contact/view_contact_component.js
FNF:0
FNH:0
DA:14,1
DA:72,1
DA:73,1
DA:74,1
DA:75,1
DA:133,1
DA:134,1
DA:135,1
DA:137,1
DA:138,0
DA:139,0
DA:140,0
DA:142,1
DA:148,1
DA:149,1
DA:153,0
DA:154,0
DA:158,0
LF:18
LH:12
BRDA:88,0,0,1
BRDA:122,1,0,1
BRDA:134,2,0,1
BRDA:134,2,1,0
BRDA:135,3,0,1
BRDA:135,3,1,0
BRDA:137,4,0,0
BRDA:137,4,1,1
BRDA:137,5,0,1
BRDA:137,5,1,1
BRDA:149,6,0,1
BRDA:149,6,1,0
BRDA:153,7,0,0
BRDA:153,7,1,0
BRF:14
BRH:8
end_of_record
TN:
SF:/Users/justin/Documents/coding/Projects/networker/components/headers/header_container.js
FN:12,(anonymous_0)
FN:71,(anonymous_1)
FN:88,(anonymous_2)
FNF:3
FNH:0
FNDA:0,(anonymous_0)
FNDA:0,(anonymous_1)
FNDA:0,(anonymous_2)
DA:13,0
DA:14,0
DA:15,0
DA:52,0
DA:55,0
DA:72,0
DA:89,0
DA:90,0
DA:97,0
DA:98,0
DA:101,0
DA:102,0
LF:12
LH:0
BRDA:89,0,0,0
BRDA:89,0,1,0
BRDA:97,1,0,0
BRDA:97,1,1,0
BRDA:101,2,0,0
BRDA:101,2,1,0
BRF:6
BRH:0
end_of_record
TN:
SF:/Users/justin/Documents/coding/Projects/networker/components/headers/search_header/search_header_component.js
FN:18,(anonymous_0)
FN:46,(anonymous_1)
FN:50,(anonymous_2)
FN:66,(anonymous_3)
FN:77,(anonymous_4)
FN:83,(anonymous_5)
FNF:6
FNH:0
FNDA:0,(anonymous_0)
FNDA:0,(anonymous_1)
FNDA:0,(anonymous_2)
FNDA:0,(anonymous_3)
FNDA:0,(anonymous_4)
FNDA:0,(anonymous_5)
DA:19,0
DA:20,0
DA:36,0
DA:40,0
DA:41,0
DA:47,0
DA:52,0
DA:67,0
DA:77,0
DA:84,0
DA:88,0
LF:11
LH:0
BRDA:85,0,0,0
BRDA:85,0,1,0
BRF:2
BRH:0
end_of_record
TN:
SF:/Users/justin/Documents/coding/Projects/networker/components/headers/search_header/search_input_component.js
FN:13,(anonymous_0)
FN:70,(anonymous_1)
FN:82,(anonymous_2)
FN:93,(anonymous_3)
FN:102,(anonymous_4)
FN:106,(anonymous_5)
FN:133,(anonymous_6)
FN:151,(anonymous_7)
FN:166,(anonymous_8)
FN:185,(anonymous_9)
FNF:10
FNH:0
FNDA:0,(anonymous_0)
FNDA:0,(anonymous_1)
FNDA:0,(anonymous_2)
FNDA:0,(anonymous_3)
FNDA:0,(anonymous_4)
FNDA:0,(anonymous_5)
FNDA:0,(anonymous_6)
FNDA:0,(anonymous_7)
FNDA:0,(anonymous_8)
FNDA:0,(anonymous_9)
DA:14,0
DA:15,0
DA:16,0
DA:17,0
DA:18,0
DA:19,0
DA:20,0
DA:21,0
DA:64,0
DA:65,0
DA:66,0
DA:67,0
DA:71,0
DA:72,0
DA:73,0
DA:74,0
DA:79,0
DA:83,0
DA:94,0
DA:103,0
DA:104,0
DA:108,0
DA:134,0
DA:152,0
DA:167,0
DA:186,0
LF:26
LH:0
BRDA:157,0,0,0
BRDA:157,0,1,0
BRDA:172,1,0,0
BRDA:172,1,1,0
BRF:4
BRH:0
end_of_record
TN:
SF:/Users/justin/Documents/coding/Projects/networker/components/headers/upsert_header/upsert_header_component.js
FN:14,(anonymous_0)
FN:64,(anonymous_1)
FN:72,(anonymous_2)
FNF:3
FNH:0
FNDA:0,(anonymous_0)
FNDA:0,(anonymous_1)
FNDA:0,(anonymous_2)
DA:15,0
DA:16,0
DA:60,0
DA:65,0
DA:72,0
LF:5
LH:0
BRF:0
BRH:0
end_of_record
TN:
SF:/Users/justin/Documents/coding/Projects/networker/components/headers/view_header/view_header_component.js
FN:7,(anonymous_0)
FN:30,(anonymous_1)
FNF:2
FNH:0
FNDA:0,(anonymous_0)
FNDA:0,(anonymous_1)
DA:8,0
DA:9,0
DA:26,0
DA:31,0
LF:4
LH:0
BRF:0
BRH:0
end_of_record
TN:
SF:/Users/justin/Documents/coding/Projects/networker/components/list_contacts/list_contacts_component.js
FN:7,(anonymous_0)
FN:26,(anonymous_1)
FN:32,(anonymous_2)
FN:39,(anonymous_3)
FNF:4
FNH:0
FNDA:0,(anonymous_0)
FNDA:0,(anonymous_1)
FNDA:0,(anonymous_2)
FNDA:0,(anonymous_3)
DA:8,0
DA:9,0
DA:22,0
DA:27,0
DA:32,0
DA:40,0
LF:6
LH:0
BRDA:30,0,0,0
BRDA:30,0,1,0
BRF:2
BRH:0
end_of_record
TN:
SF:/Users/justin/Documents/coding/Projects/networker/components/list_contacts/list_row_component.js
FN:7,(anonymous_0)
FN:53,(anonymous_1)
FN:57,(anonymous_2)
FN:63,(anonymous_3)
FN:73,(anonymous_4)
FNF:5
FNH:0
FNDA:0,(anonymous_0)
FNDA:0,(anonymous_1)
FNDA:0,(anonymous_2)
FNDA:0,(anonymous_3)
FNDA:0,(anonymous_4)
DA:8,0
DA:9,0
DA:49,0
DA:50,0
DA:54,0
DA:59,0
DA:60,0
DA:63,0
DA:75,0
LF:9
LH:0
BRDA:59,0,0,0
BRDA:59,0,1,0
BRDA:82,1,0,0
BRDA:82,1,1,0
BRDA:89,2,0,0
BRDA:89,2,1,0
BRF:6
BRH:0
end_of_record
TN:
SF:/Users/justin/Documents/coding/Projects/networker/components/menu/menu_component.js
FN:16,(anonymous_0)
FN:90,(anonymous_1)
FN:104,(anonymous_2)
FN:105,(anonymous_3)
FN:136,(anonymous_4)
FNF:5
FNH:0
FNDA:0,(anonymous_0)
FNDA:0,(anonymous_1)
FNDA:0,(anonymous_2)
FNDA:0,(anonymous_3)
FNDA:0,(anonymous_4)
DA:17,0
DA:18,0
DA:19,0
DA:54,0
DA:91,0
DA:105,0
DA:106,0
DA:137,0
LF:8
LH:0
BRDA:111,0,0,0
BRDA:111,0,1,0
BRDA:123,1,0,0
BRDA:123,1,1,0
BRF:4
BRH:0
end_of_record
TN:
SF:/Users/justin/Documents/coding/Projects/networker/components/toast/toast_component.js
FN:40,(anonymous_2)
FN:42,(anonymous_3)
FNF:2
FNH:0
FNDA:0,(anonymous_2)
FNDA:0,(anonymous_3)
DA:6,0
DA:8,0
DA:32,0
DA:36,0
DA:37,0
DA:41,0
DA:42,0
DA:43,0
LF:8
LH:0
BRF:0
BRH:0
end_of_record
TN:
SF:/Users/justin/Documents/coding/Projects/networker/containers/list_contacts/list_contacts_container.js
FN:89,(anonymous_5)
FNF:1
FNH:1
FNDA:1,(anonymous_5)
DA:19,1
DA:24,1
DA:25,1
DA:26,1
DA:43,1
DA:74,0
DA:77,0
DA:85,0
DA:89,1
LF:9
LH:6
BRF:0
BRH:0
end_of_record
TN:
SF:/Users/justin/Documents/coding/Projects/networker/containers/list_contacts/test_data.js
FNF:0
FNH:0
DA:1,1
LF:1
LH:1
BRF:0
BRH:0
end_of_record
TN:
SF:/Users/justin/Documents/coding/Projects/networker/data/realm.js
FNF:0
FNH:0
LF:0
LH:0
BRF:0
BRH:0
end_of_record
TN:
SF:/Users/justin/Documents/coding/Projects/networker/data/schemas.js
FNF:0
FNH:0
DA:3,2
LF:1
LH:1
BRF:0
BRH:0
end_of_record
TN:
SF:/Users/justin/Documents/coding/Projects/networker/media/default_profile_img.png
FNF:0
FNH:0
DA:1,2
LF:1
LH:1
BRF:0
BRH:0
end_of_record
TN:
SF:/Users/justin/Documents/coding/Projects/networker/redux/actions/contacts/contacts_actions.js
FN:23,getContact
FN:24,(anonymous_1)
FN:38,beginGetContact
FN:44,resolveGetContact
FN:52,requestContactCreate
FN:53,(anonymous_5)
FN:57,(anonymous_6)
FN:77,requestDeleteContact
FN:78,(anonymous_8)
FN:82,(anonymous_9)
FN:102,requestUpdateContact
FN:103,(anonymous_11)
FN:106,(anonymous_12)
FN:118,getAllContacts
FN:119,(anonymous_14)
FN:123,(anonymous_15)
FN:135,resetContactStatus
FN:141,clearSelectedContact
FN:150,beginGetAllContacts
FN:155,receiveAllContacts
FN:163,beginContactCreate
FN:169,resolveContactCreate
FN:177,beginContactUpdate
FN:183,resolveContactUpdate
FN:192,beginContactDelete
FN:199,resolveContactDelete
FN:206,throwContactError
FNF:27
FNH:5
FNDA:0,getContact
FNDA:0,(anonymous_1)
FNDA:1,beginGetContact
FNDA:0,resolveGetContact
FNDA:0,requestContactCreate
FNDA:0,(anonymous_5)
FNDA:0,(anonymous_6)
FNDA:0,requestDeleteContact
FNDA:0,(anonymous_8)
FNDA:0,(anonymous_9)
FNDA:0,requestUpdateContact
FNDA:0,(anonymous_11)
FNDA:0,(anonymous_12)
FNDA:1,getAllContacts
FNDA:1,(anonymous_14)
FNDA:0,(anonymous_15)
FNDA:0,resetContactStatus
FNDA:0,clearSelectedContact
FNDA:1,beginGetAllContacts
FNDA:1,receiveAllContacts
FNDA:0,beginContactCreate
FNDA:0,resolveContactCreate
FNDA:0,beginContactUpdate
FNDA:0,resolveContactUpdate
FNDA:0,beginContactDelete
FNDA:0,resolveContactDelete
FNDA:0,throwContactError
DA:24,0
DA:25,0
DA:26,0
DA:29,0
DA:31,0
DA:33,0
DA:39,1
DA:45,0
DA:53,0
DA:54,0
DA:55,0
DA:57,0
DA:58,0
DA:69,0
DA:70,0
DA:72,0
DA:78,0
DA:79,0
DA:80,0
DA:82,0
DA:83,0
DA:84,0
DA:86,0
DA:87,0
DA:88,0
DA:89,0
DA:90,0
DA:95,0
DA:103,0
DA:104,0
DA:105,0
DA:106,0
DA:107,0
DA:108,0
DA:111,0
DA:119,1
DA:120,1
DA:121,1
DA:122,1
DA:123,1
DA:124,0
DA:126,1
DA:129,0
DA:136,0
DA:142,0
DA:151,1
DA:156,1
DA:164,0
DA:170,0
DA:178,0
DA:184,0
DA:193,0
DA:200,0
DA:207,0
LF:54
LH:9
BRF:0
BRH:0
end_of_record
TN:
SF:/Users/justin/Documents/coding/Projects/networker/redux/actiontypes/contacts/contacts_actiontypes.js
FNF:0
FNH:0
DA:2,3
DA:3,3
DA:4,3
DA:7,3
DA:8,3
DA:9,3
DA:12,3
DA:13,3
DA:14,3
DA:15,3
DA:17,3
DA:18,3
DA:21,3
DA:22,3
DA:25,3
LF:15
LH:15
BRF:0
BRH:0
end_of_record
TN:
SF:/Users/justin/Documents/coding/Projects/networker/redux/reducers/contacts/contacts_reducer.js
FN:1,ContactsReducer
FNF:1
FNH:1
FNDA:9,ContactsReducer
DA:37,1
DA:102,0
LF:2
LH:1
BRDA:1,0,0,1
BRDA:8,1,0,1
BRDA:8,1,1,1
BRDA:8,1,2,1
BRDA:8,1,3,1
BRDA:8,1,4,1
BRDA:8,1,5,0
BRDA:8,1,6,0
BRDA:8,1,7,1
BRDA:8,1,8,1
BRDA:8,1,9,1
BRDA:8,1,10,1
BRDA:8,1,11,0
BRDA:8,1,12,0
BRDA:8,1,13,0
BRDA:8,1,14,0
BRF:16
BRH:10
end_of_record
