TN:
SF:/Users/justin/Documents/coding/Projects/networker/common_styles.js
FNF:0
FNH:0
DA:1,1
DA:16,1
LF:2
LH:2
BRF:0
BRH:0
end_of_record
TN:
SF:/Users/justin/Documents/coding/Projects/networker/testsetup.js
FNF:0
FNH:0
DA:5,3
LF:1
LH:1
BRF:0
BRH:0
end_of_record
TN:
SF:/Users/justin/Documents/coding/Projects/networker/components/action_button/action_button_component.js
FN:8,(anonymous_0)
FN:30,(anonymous_1)
FNF:2
FNH:0
FNDA:0,(anonymous_0)
FNDA:0,(anonymous_1)
DA:9,0
DA:10,0
DA:24,0
DA:31,0
LF:4
LH:0
BRF:0
BRH:0
end_of_record
TN:
SF:/Users/justin/Documents/coding/Projects/networker/components/base_components/jtext_component.js
FN:5,JText
FNF:1
FNH:0
FNDA:0,JText
DA:6,0
DA:13,0
LF:2
LH:0
BRDA:17,0,0,0
BRDA:17,0,1,0
BRF:2
BRH:0
end_of_record
TN:
SF:/Users/justin/Documents/coding/Projects/networker/components/headers/header_container.js
FN:12,(anonymous_0)
FN:71,(anonymous_1)
FN:88,(anonymous_2)
FNF:3
FNH:0
FNDA:0,(anonymous_0)
FNDA:0,(anonymous_1)
FNDA:0,(anonymous_2)
DA:13,0
DA:14,0
DA:15,0
DA:52,0
DA:55,0
DA:72,0
DA:89,0
DA:90,0
DA:97,0
DA:98,0
DA:101,0
DA:102,0
LF:12
LH:0
BRDA:89,0,0,0
BRDA:89,0,1,0
BRDA:97,1,0,0
BRDA:97,1,1,0
BRDA:101,2,0,0
BRDA:101,2,1,0
BRF:6
BRH:0
end_of_record
TN:
SF:/Users/justin/Documents/coding/Projects/networker/components/headers/search_header/search_header_component.js
FN:18,(anonymous_0)
FN:46,(anonymous_1)
FN:50,(anonymous_2)
FN:66,(anonymous_3)
FN:77,(anonymous_4)
FN:83,(anonymous_5)
FNF:6
FNH:0
FNDA:0,(anonymous_0)
FNDA:0,(anonymous_1)
FNDA:0,(anonymous_2)
FNDA:0,(anonymous_3)
FNDA:0,(anonymous_4)
FNDA:0,(anonymous_5)
DA:19,0
DA:20,0
DA:36,0
DA:40,0
DA:41,0
DA:47,0
DA:52,0
DA:67,0
DA:77,0
DA:84,0
DA:88,0
LF:11
LH:0
BRDA:85,0,0,0
BRDA:85,0,1,0
BRF:2
BRH:0
end_of_record
TN:
SF:/Users/justin/Documents/coding/Projects/networker/components/headers/search_header/search_input_component.js
FN:13,(anonymous_0)
FN:70,(anonymous_1)
FN:82,(anonymous_2)
FN:93,(anonymous_3)
FN:102,(anonymous_4)
FN:106,(anonymous_5)
FN:133,(anonymous_6)
FN:151,(anonymous_7)
FN:166,(anonymous_8)
FN:185,(anonymous_9)
FNF:10
FNH:0
FNDA:0,(anonymous_0)
FNDA:0,(anonymous_1)
FNDA:0,(anonymous_2)
FNDA:0,(anonymous_3)
FNDA:0,(anonymous_4)
FNDA:0,(anonymous_5)
FNDA:0,(anonymous_6)
FNDA:0,(anonymous_7)
FNDA:0,(anonymous_8)
FNDA:0,(anonymous_9)
DA:14,0
DA:15,0
DA:16,0
DA:17,0
DA:18,0
DA:19,0
DA:20,0
DA:21,0
DA:64,0
DA:65,0
DA:66,0
DA:67,0
DA:71,0
DA:72,0
DA:73,0
DA:74,0
DA:79,0
DA:83,0
DA:94,0
DA:103,0
DA:104,0
DA:108,0
DA:134,0
DA:152,0
DA:167,0
DA:186,0
LF:26
LH:0
BRDA:157,0,0,0
BRDA:157,0,1,0
BRDA:172,1,0,0
BRDA:172,1,1,0
BRF:4
BRH:0
end_of_record
TN:
SF:/Users/justin/Documents/coding/Projects/networker/components/headers/upsert_header/upsert_header_component.js
FN:14,(anonymous_0)
FN:64,(anonymous_1)
FN:72,(anonymous_2)
FNF:3
FNH:0
FNDA:0,(anonymous_0)
FNDA:0,(anonymous_1)
FNDA:0,(anonymous_2)
DA:15,0
DA:16,0
DA:60,0
DA:65,0
DA:72,0
LF:5
LH:0
BRF:0
BRH:0
end_of_record
TN:
SF:/Users/justin/Documents/coding/Projects/networker/components/headers/view_header/view_header_component.js
FN:7,(anonymous_0)
FN:30,(anonymous_1)
FNF:2
FNH:0
FNDA:0,(anonymous_0)
FNDA:0,(anonymous_1)
DA:8,0
DA:9,0
DA:26,0
DA:31,0
LF:4
LH:0
BRF:0
BRH:0
end_of_record
TN:
SF:/Users/justin/Documents/coding/Projects/networker/components/list_contacts/list_contacts_component.js
FN:7,(anonymous_0)
FN:26,(anonymous_1)
FN:32,(anonymous_2)
FN:39,(anonymous_3)
FNF:4
FNH:0
FNDA:0,(anonymous_0)
FNDA:0,(anonymous_1)
FNDA:0,(anonymous_2)
FNDA:0,(anonymous_3)
DA:8,0
DA:9,0
DA:22,0
DA:27,0
DA:32,0
DA:40,0
LF:6
LH:0
BRDA:30,0,0,0
BRDA:30,0,1,0
BRF:2
BRH:0
end_of_record
TN:
SF:/Users/justin/Documents/coding/Projects/networker/components/list_contacts/list_row_component.js
FN:7,(anonymous_0)
FN:53,(anonymous_1)
FN:57,(anonymous_2)
FN:63,(anonymous_3)
FN:73,(anonymous_4)
FNF:5
FNH:0
FNDA:0,(anonymous_0)
FNDA:0,(anonymous_1)
FNDA:0,(anonymous_2)
FNDA:0,(anonymous_3)
FNDA:0,(anonymous_4)
DA:8,0
DA:9,0
DA:49,0
DA:50,0
DA:54,0
DA:59,0
DA:60,0
DA:63,0
DA:75,0
LF:9
LH:0
BRDA:59,0,0,0
BRDA:59,0,1,0
BRDA:82,1,0,0
BRDA:82,1,1,0
BRDA:89,2,0,0
BRDA:89,2,1,0
BRF:6
BRH:0
end_of_record
TN:
SF:/Users/justin/Documents/coding/Projects/networker/components/menu/menu_component.js
FN:16,(anonymous_0)
FN:90,(anonymous_1)
FN:104,(anonymous_2)
FN:105,(anonymous_3)
FN:136,(anonymous_4)
FNF:5
FNH:0
FNDA:0,(anonymous_0)
FNDA:0,(anonymous_1)
FNDA:0,(anonymous_2)
FNDA:0,(anonymous_3)
FNDA:0,(anonymous_4)
DA:17,0
DA:18,0
DA:19,0
DA:54,0
DA:91,0
DA:105,0
DA:106,0
DA:137,0
LF:8
LH:0
BRDA:111,0,0,0
BRDA:111,0,1,0
BRDA:123,1,0,0
BRDA:123,1,1,0
BRF:4
BRH:0
end_of_record
TN:
SF:/Users/justin/Documents/coding/Projects/networker/containers/list_contacts/list_contacts_container.js
FN:89,(anonymous_5)
FNF:1
FNH:1
FNDA:1,(anonymous_5)
DA:19,1
DA:24,1
DA:25,1
DA:26,1
DA:43,1
DA:74,0
DA:77,0
DA:85,0
DA:89,1
LF:9
LH:6
BRF:0
BRH:0
end_of_record
TN:
SF:/Users/justin/Documents/coding/Projects/networker/containers/list_contacts/test_data.js
FNF:0
FNH:0
DA:1,1
LF:1
LH:1
BRF:0
BRH:0
end_of_record
TN:
SF:/Users/justin/Documents/coding/Projects/networker/data/realm.js
FNF:0
FNH:0
LF:0
LH:0
BRF:0
BRH:0
end_of_record
TN:
SF:/Users/justin/Documents/coding/Projects/networker/data/schemas.js
FNF:0
FNH:0
DA:3,2
LF:1
LH:1
BRF:0
BRH:0
end_of_record
TN:
SF:/Users/justin/Documents/coding/Projects/networker/media/default_profile_img.png
FNF:0
FNH:0
DA:1,1
LF:1
LH:1
BRF:0
BRH:0
end_of_record
TN:
SF:/Users/justin/Documents/coding/Projects/networker/redux/actions/contacts/contacts_actions.js
FN:206,throwContactError
FNF:1
FNH:0
FNDA:0,throwContactError
LF:0
LH:0
BRF:0
BRH:0
end_of_record
TN:
SF:/Users/justin/Documents/coding/Projects/networker/redux/actiontypes/actiontypes.js
FNF:0
FNH:0
DA:2,3
DA:3,3
DA:4,3
DA:7,3
DA:8,3
DA:9,3
DA:12,3
DA:13,3
DA:14,3
DA:15,3
DA:17,3
DA:18,3
DA:21,3
DA:22,3
DA:25,3
LF:15
LH:15
BRF:0
BRH:0
end_of_record
TN:
SF:/Users/justin/Documents/coding/Projects/networker/redux/reducers/contacts/contacts_reducer.js
FNF:0
FNH:0
DA:37,1
DA:101,0
LF:2
LH:1
BRDA:1,0,0,1
BRDA:8,1,0,1
BRDA:8,1,1,1
BRDA:8,1,2,0
BRDA:8,1,3,0
BRDA:8,1,4,1
BRDA:8,1,5,0
BRDA:8,1,6,0
BRDA:8,1,7,0
BRDA:8,1,8,0
BRDA:8,1,9,0
BRDA:8,1,10,0
BRDA:8,1,11,0
BRDA:8,1,12,0
BRDA:8,1,13,0
BRDA:8,1,14,0
BRF:16
BRH:4
end_of_record
